[2023-06-10T03:00:49.707Z] info Cant find /api/v1/usersssss/1 on this server! undefined:undefined
[2023-06-13T01:58:07.951Z] info llave duplicada viola restricción de unicidad «users_email_key» undefined:undefined
[2023-06-13T03:34:02.069Z] info User with email: hola@mail.com not found undefined:undefined
[2023-06-13T03:34:35.313Z] info Incorrect email or password undefined:undefined
[2023-06-13T04:03:23.737Z] info Incorrect password undefined:undefined
[2023-06-13T04:03:58.804Z] info Incorrect email or password undefined:undefined
[2023-06-14T02:14:52.331Z] info You are not logged in!, Please log in to get access undefined:undefined
[2023-06-14T02:49:37.774Z] info You are not logged in!, Please log in to get access undefined:undefined
[2023-06-14T02:51:55.787Z] info Incorrect password undefined:undefined
[2023-06-14T02:52:55.498Z] info User recently changed password!, please login again. undefined:undefined
[2023-06-14T02:54:42.085Z] info The owner of this token it not longer available undefined:undefined
[2023-06-14T03:33:30.379Z] info You do not own this account. undefined:undefined
[2023-06-14T03:46:56.163Z] info User recently changed password!, please login again. undefined:undefined
[2023-06-15T01:24:47.159Z] info You are not logged in!, Please log in to get access undefined:undefined
[2023-06-15T01:25:33.437Z] info jwt expired undefined:undefined
[2023-06-15T01:40:37.367Z] info You do not have permission to perform this action! undefined:undefined
[2023-06-15T01:51:22.648Z] info invalid signature undefined:undefined
[2023-06-15T01:57:23.220Z] info undefined undefined:undefined
[2023-06-15T01:58:59.544Z] info Invalid Token. Please login again! undefined:undefined
[2023-06-15T01:59:29.764Z] info invalid signature undefined:undefined
[2023-06-15T03:06:23.828Z] info invalid signature undefined:undefined
[2023-06-15T14:27:58.922Z] info jwt expired TokenExpiredError: jwt expired
[2023-06-15T14:31:19.181Z] info jwt expired TokenExpiredError: jwt expired
[2023-06-16T03:53:31.972Z] info Cant find /api/v1/user on this server! Error: Cant find /api/v1/user on this server!
[2023-06-16T03:53:36.292Z] info jwt expired TokenExpiredError: jwt expired
